<?xml version="1.0" encoding="UTF-8"?>
<!-- Generated by org.testng.reporters.JUnitXMLReporter -->
<testsuite ignored="0" hostname="DESKTOP-OS617JJ" failures="0" tests="9" name="Quick" time="0.447" errors="0" timestamp="2023-11-22T20:45:39 CET">
  <testcase classname="org.nat.dog.tests.TestBase" name="@BeforeMethod init" time="0.165">
    <failure type="java.lang.AbstractMethodError" message="Receiver class org.openqa.selenium.firefox.GeckoDriverService$Builder does not define or inherit an implementation of the resolved method abstract loadSystemProperties()V of abstract class org.openqa.selenium.remote.service.DriverService$Builder.">
      <![CDATA[java.lang.AbstractMethodError: Receiver class org.openqa.selenium.firefox.GeckoDriverService$Builder does not define or inherit an implementation of the resolved method abstract loadSystemProperties()V of abstract class org.openqa.selenium.remote.service.DriverService$Builder.
at org.openqa.selenium.remote.service.DriverService$Builder.build(DriverService.java:491)
at org.openqa.selenium.firefox.GeckoDriverService.createDefaultService(GeckoDriverService.java:100)
at org.openqa.selenium.firefox.FirefoxDriver.<init>(FirefoxDriver.java:111)
at org.openqa.selenium.firefox.FirefoxDriver.<init>(FirefoxDriver.java:101)
at org.nat.dog.tests.TestBase.init(TestBase.java:36)
at java.base/java.util.ArrayList.forEach(ArrayList.java:1541)
... Removed 35 stack frames]]>
    </failure>
  </testcase> <!-- @BeforeMethod init -->
  <testcase classname="org.nat.dog.tests.TestBase" name="@BeforeMethod startLogger" time="0.0">
    <skipped/>
  </testcase> <!-- @BeforeMethod startLogger -->
  <testcase classname="org.nat.dog.tests.aboutPage.AboutPageTests" name="@BeforeMethod precondition" time="0.0">
    <skipped/>
  </testcase> <!-- @BeforeMethod precondition -->
  <testcase classname="org.nat.dog.tests.TestBase" name="@AfterMethod tearDown" time="0.0">
    <skipped/>
  </testcase> <!-- @AfterMethod tearDown -->
  <testcase classname="org.nat.dog.tests.TestBase" name="@BeforeMethod init" time="0.002">
    <failure type="java.lang.AbstractMethodError" message="Receiver class org.openqa.selenium.firefox.GeckoDriverService$Builder does not define or inherit an implementation of the resolved method abstract loadSystemProperties()V of abstract class org.openqa.selenium.remote.service.DriverService$Builder.">
      <![CDATA[java.lang.AbstractMethodError: Receiver class org.openqa.selenium.firefox.GeckoDriverService$Builder does not define or inherit an implementation of the resolved method abstract loadSystemProperties()V of abstract class org.openqa.selenium.remote.service.DriverService$Builder.
at org.openqa.selenium.remote.service.DriverService$Builder.build(DriverService.java:491)
at org.openqa.selenium.firefox.GeckoDriverService.createDefaultService(GeckoDriverService.java:100)
at org.openqa.selenium.firefox.FirefoxDriver.<init>(FirefoxDriver.java:111)
at org.openqa.selenium.firefox.FirefoxDriver.<init>(FirefoxDriver.java:101)
at org.nat.dog.tests.TestBase.init(TestBase.java:36)
at java.base/java.util.ArrayList.forEach(ArrayList.java:1541)
... Removed 35 stack frames]]>
    </failure>
  </testcase> <!-- @BeforeMethod init -->
  <testcase classname="org.nat.dog.tests.TestBase" name="@BeforeMethod startLogger" time="0.0">
    <skipped/>
  </testcase> <!-- @BeforeMethod startLogger -->
  <testcase classname="org.nat.dog.tests.clinicsPage.ClinicsPageTests" name="@BeforeMethod precondition" time="0.0">
    <skipped/>
  </testcase> <!-- @BeforeMethod precondition -->
  <testcase classname="org.nat.dog.tests.TestBase" name="@AfterMethod tearDown" time="0.0">
    <skipped/>
  </testcase> <!-- @AfterMethod tearDown -->
  <testcase classname="org.nat.dog.tests.TestBase" name="@BeforeMethod init" time="0.0">
    <skipped/>
  </testcase> <!-- @BeforeMethod init -->
  <testcase classname="org.nat.dog.tests.TestBase" name="@BeforeMethod startLogger" time="0.0">
    <skipped/>
  </testcase> <!-- @BeforeMethod startLogger -->
  <testcase classname="org.nat.dog.tests.clinicsPage.ClinicsPageTests" name="@BeforeMethod precondition" time="0.0">
    <skipped/>
  </testcase> <!-- @BeforeMethod precondition -->
  <testcase classname="org.nat.dog.tests.TestBase" name="@AfterMethod tearDown" time="0.0">
    <skipped/>
  </testcase> <!-- @AfterMethod tearDown -->
  <testcase classname="org.nat.dog.tests.TestBase" name="@BeforeMethod init" time="0.0">
    <skipped/>
  </testcase> <!-- @BeforeMethod init -->
  <testcase classname="org.nat.dog.tests.TestBase" name="@BeforeMethod startLogger" time="0.0">
    <skipped/>
  </testcase> <!-- @BeforeMethod startLogger -->
  <testcase classname="org.nat.dog.tests.clinicsPage.ClinicsPageTests" name="@BeforeMethod precondition" time="0.0">
    <skipped/>
  </testcase> <!-- @BeforeMethod precondition -->
  <testcase classname="org.nat.dog.tests.TestBase" name="@AfterMethod tearDown" time="0.0">
    <skipped/>
  </testcase> <!-- @AfterMethod tearDown -->
  <testcase classname="org.nat.dog.tests.TestBase" name="@BeforeMethod init" time="0.001">
    <failure type="java.lang.AbstractMethodError" message="Receiver class org.openqa.selenium.firefox.GeckoDriverService$Builder does not define or inherit an implementation of the resolved method abstract loadSystemProperties()V of abstract class org.openqa.selenium.remote.service.DriverService$Builder.">
      <![CDATA[java.lang.AbstractMethodError: Receiver class org.openqa.selenium.firefox.GeckoDriverService$Builder does not define or inherit an implementation of the resolved method abstract loadSystemProperties()V of abstract class org.openqa.selenium.remote.service.DriverService$Builder.
at org.openqa.selenium.remote.service.DriverService$Builder.build(DriverService.java:491)
at org.openqa.selenium.firefox.GeckoDriverService.createDefaultService(GeckoDriverService.java:100)
at org.openqa.selenium.firefox.FirefoxDriver.<init>(FirefoxDriver.java:111)
at org.openqa.selenium.firefox.FirefoxDriver.<init>(FirefoxDriver.java:101)
at org.nat.dog.tests.TestBase.init(TestBase.java:36)
at java.base/java.util.ArrayList.forEach(ArrayList.java:1541)
... Removed 35 stack frames]]>
    </failure>
  </testcase> <!-- @BeforeMethod init -->
  <testcase classname="org.nat.dog.tests.TestBase" name="@BeforeMethod startLogger" time="0.0">
    <skipped/>
  </testcase> <!-- @BeforeMethod startLogger -->
  <testcase classname="org.nat.dog.tests.contactPage.ContactPageTests" name="@BeforeMethod precondition" time="0.0">
    <skipped/>
  </testcase> <!-- @BeforeMethod precondition -->
  <testcase classname="org.nat.dog.tests.TestBase" name="@AfterMethod tearDown" time="0.0">
    <skipped/>
  </testcase> <!-- @AfterMethod tearDown -->
  <testcase classname="org.nat.dog.tests.TestBase" name="@BeforeMethod init" time="0.0">
    <skipped/>
  </testcase> <!-- @BeforeMethod init -->
  <testcase classname="org.nat.dog.tests.TestBase" name="@BeforeMethod startLogger" time="0.0">
    <skipped/>
  </testcase> <!-- @BeforeMethod startLogger -->
  <testcase classname="org.nat.dog.tests.contactPage.ContactPageTests" name="@BeforeMethod precondition" time="0.0">
    <skipped/>
  </testcase> <!-- @BeforeMethod precondition -->
  <testcase classname="org.nat.dog.tests.TestBase" name="@AfterMethod tearDown" time="0.0">
    <skipped/>
  </testcase> <!-- @AfterMethod tearDown -->
  <testcase classname="org.nat.dog.tests.TestBase" name="@BeforeMethod init" time="0.002">
    <failure type="java.lang.AbstractMethodError" message="Receiver class org.openqa.selenium.firefox.GeckoDriverService$Builder does not define or inherit an implementation of the resolved method abstract loadSystemProperties()V of abstract class org.openqa.selenium.remote.service.DriverService$Builder.">
      <![CDATA[java.lang.AbstractMethodError: Receiver class org.openqa.selenium.firefox.GeckoDriverService$Builder does not define or inherit an implementation of the resolved method abstract loadSystemProperties()V of abstract class org.openqa.selenium.remote.service.DriverService$Builder.
at org.openqa.selenium.remote.service.DriverService$Builder.build(DriverService.java:491)
at org.openqa.selenium.firefox.GeckoDriverService.createDefaultService(GeckoDriverService.java:100)
at org.openqa.selenium.firefox.FirefoxDriver.<init>(FirefoxDriver.java:111)
at org.openqa.selenium.firefox.FirefoxDriver.<init>(FirefoxDriver.java:101)
at org.nat.dog.tests.TestBase.init(TestBase.java:36)
at java.base/java.util.ArrayList.forEach(ArrayList.java:1541)
... Removed 35 stack frames]]>
    </failure>
  </testcase> <!-- @BeforeMethod init -->
  <testcase classname="org.nat.dog.tests.TestBase" name="@BeforeMethod startLogger" time="0.0">
    <skipped/>
  </testcase> <!-- @BeforeMethod startLogger -->
  <testcase classname="org.nat.dog.tests.kennelsPage.KennelsPageTests" name="@BeforeMethod precondition" time="0.0">
    <skipped/>
  </testcase> <!-- @BeforeMethod precondition -->
  <testcase classname="org.nat.dog.tests.TestBase" name="@AfterMethod tearDown" time="0.0">
    <skipped/>
  </testcase> <!-- @AfterMethod tearDown -->
  <testcase classname="org.nat.dog.tests.TestBase" name="@BeforeMethod init" time="0.0">
    <skipped/>
  </testcase> <!-- @BeforeMethod init -->
  <testcase classname="org.nat.dog.tests.TestBase" name="@BeforeMethod startLogger" time="0.0">
    <skipped/>
  </testcase> <!-- @BeforeMethod startLogger -->
  <testcase classname="org.nat.dog.tests.kennelsPage.KennelsPageTests" name="@BeforeMethod precondition" time="0.0">
    <skipped/>
  </testcase> <!-- @BeforeMethod precondition -->
  <testcase classname="org.nat.dog.tests.TestBase" name="@AfterMethod tearDown" time="0.0">
    <skipped/>
  </testcase> <!-- @AfterMethod tearDown -->
  <testcase classname="org.nat.dog.tests.TestBase" name="@BeforeMethod init" time="0.0">
    <skipped/>
  </testcase> <!-- @BeforeMethod init -->
  <testcase classname="org.nat.dog.tests.TestBase" name="@BeforeMethod startLogger" time="0.0">
    <skipped/>
  </testcase> <!-- @BeforeMethod startLogger -->
  <testcase classname="org.nat.dog.tests.kennelsPage.KennelsPageTests" name="@BeforeMethod precondition" time="0.0">
    <skipped/>
  </testcase> <!-- @BeforeMethod precondition -->
  <testcase classname="org.nat.dog.tests.TestBase" name="@AfterMethod tearDown" time="0.0">
    <skipped/>
  </testcase> <!-- @AfterMethod tearDown -->
  <testcase classname="org.nat.dog.tests.aboutPage.AboutPageTests" name="isAboutComponentPresentTest" time="0.0">
    <skipped/>
  </testcase> <!-- isAboutComponentPresentTest -->
  <testcase classname="org.nat.dog.tests.clinicsPage.ClinicsPageTests" name="fillClinicsForm" time="0.0">
    <skipped/>
  </testcase> <!-- fillClinicsForm -->
  <testcase classname="org.nat.dog.tests.clinicsPage.ClinicsPageTests" name="isClinicsComponentPresentTest" time="0.0">
    <skipped/>
  </testcase> <!-- isClinicsComponentPresentTest -->
  <testcase classname="org.nat.dog.tests.clinicsPage.ClinicsPageTests" name="showClinicsList" time="0.001">
    <skipped/>
  </testcase> <!-- showClinicsList -->
  <testcase classname="org.nat.dog.tests.contactPage.ContactPageTests" name="fillInTouchFormTest" time="0.001">
    <skipped/>
  </testcase> <!-- fillInTouchFormTest -->
  <testcase classname="org.nat.dog.tests.contactPage.ContactPageTests" name="isGoingToGoogleMapsTest" time="0.001">
    <skipped/>
  </testcase> <!-- isGoingToGoogleMapsTest -->
  <testcase classname="org.nat.dog.tests.kennelsPage.KennelsPageTests" name="KennelsPageTests" time="0.0">
    <skipped/>
  </testcase> <!-- KennelsPageTests -->
  <testcase classname="org.nat.dog.tests.kennelsPage.KennelsPageTests" name="fillKennelsForm" time="0.0">
    <skipped/>
  </testcase> <!-- fillKennelsForm -->
  <testcase classname="org.nat.dog.tests.kennelsPage.KennelsPageTests" name="showKennelsList" time="0.0">
    <skipped/>
  </testcase> <!-- showKennelsList -->
</testsuite> <!-- Quick -->
