<?xml version="1.0" encoding="UTF-8"?>
<testsuite xmlns:xsi="http://www.w3.org/2001/XMLSchema-instance" xsi:noNamespaceSchemaLocation="https://maven.apache.org/surefire/maven-surefire-plugin/xsd/surefire-test-report.xsd" name="TestSuite" time="293.691" tests="84" errors="0" skipped="60" failures="3">
  <properties>
    <property name="sun.desktop" value="windows"/>
    <property name="awt.toolkit" value="sun.awt.windows.WToolkit"/>
    <property name="java.specification.version" value="11"/>
    <property name="sun.cpu.isalist" value="amd64"/>
    <property name="sun.jnu.encoding" value="Cp1252"/>
    <property name="java.class.path" value="C:\Dog\Dog\target\test-classes;C:\Dog\Dog\target\classes;C:\Users\AIT TR Student\.m2\repository\org\seleniumhq\selenium\selenium-java\4.12.1\selenium-java-4.12.1.jar;C:\Users\AIT TR Student\.m2\repository\org\seleniumhq\selenium\selenium-api\4.12.1\selenium-api-4.12.1.jar;C:\Users\AIT TR Student\.m2\repository\org\seleniumhq\selenium\selenium-chrome-driver\4.12.1\selenium-chrome-driver-4.12.1.jar;C:\Users\AIT TR Student\.m2\repository\com\google\auto\service\auto-service-annotations\1.1.1\auto-service-annotations-1.1.1.jar;C:\Users\AIT TR Student\.m2\repository\com\google\guava\guava\32.1.2-jre\guava-32.1.2-jre.jar;C:\Users\AIT TR Student\.m2\repository\com\google\guava\failureaccess\1.0.1\failureaccess-1.0.1.jar;C:\Users\AIT TR Student\.m2\repository\com\google\guava\listenablefuture\9999.0-empty-to-avoid-conflict-with-guava\listenablefuture-9999.0-empty-to-avoid-conflict-with-guava.jar;C:\Users\AIT TR Student\.m2\repository\com\google\code\findbugs\jsr305\3.0.2\jsr305-3.0.2.jar;C:\Users\AIT TR Student\.m2\repository\org\checkerframework\checker-qual\3.33.0\checker-qual-3.33.0.jar;C:\Users\AIT TR Student\.m2\repository\com\google\errorprone\error_prone_annotations\2.18.0\error_prone_annotations-2.18.0.jar;C:\Users\AIT TR Student\.m2\repository\com\google\j2objc\j2objc-annotations\2.8\j2objc-annotations-2.8.jar;C:\Users\AIT TR Student\.m2\repository\org\seleniumhq\selenium\selenium-chromium-driver\4.12.1\selenium-chromium-driver-4.12.1.jar;C:\Users\AIT TR Student\.m2\repository\org\seleniumhq\selenium\selenium-json\4.12.1\selenium-json-4.12.1.jar;C:\Users\AIT TR Student\.m2\repository\org\seleniumhq\selenium\selenium-manager\4.12.1\selenium-manager-4.12.1.jar;C:\Users\AIT TR Student\.m2\repository\org\seleniumhq\selenium\selenium-devtools-v114\4.12.1\selenium-devtools-v114-4.12.1.jar;C:\Users\AIT TR Student\.m2\repository\org\seleniumhq\selenium\selenium-devtools-v115\4.12.1\selenium-devtools-v115-4.12.1.jar;C:\Users\AIT TR Student\.m2\repository\org\seleniumhq\selenium\selenium-devtools-v116\4.12.1\selenium-devtools-v116-4.12.1.jar;C:\Users\AIT TR Student\.m2\repository\org\seleniumhq\selenium\selenium-devtools-v85\4.12.1\selenium-devtools-v85-4.12.1.jar;C:\Users\AIT TR Student\.m2\repository\org\seleniumhq\selenium\selenium-edge-driver\4.12.1\selenium-edge-driver-4.12.1.jar;C:\Users\AIT TR Student\.m2\repository\org\seleniumhq\selenium\selenium-firefox-driver\4.12.1\selenium-firefox-driver-4.12.1.jar;C:\Users\AIT TR Student\.m2\repository\org\seleniumhq\selenium\selenium-http\4.12.1\selenium-http-4.12.1.jar;C:\Users\AIT TR Student\.m2\repository\dev\failsafe\failsafe\3.3.2\failsafe-3.3.2.jar;C:\Users\AIT TR Student\.m2\repository\org\seleniumhq\selenium\selenium-ie-driver\4.12.1\selenium-ie-driver-4.12.1.jar;C:\Users\AIT TR Student\.m2\repository\org\seleniumhq\selenium\selenium-remote-driver\4.12.1\selenium-remote-driver-4.12.1.jar;C:\Users\AIT TR Student\.m2\repository\io\netty\netty-buffer\4.1.96.Final\netty-buffer-4.1.96.Final.jar;C:\Users\AIT TR Student\.m2\repository\io\netty\netty-codec-http\4.1.96.Final\netty-codec-http-4.1.96.Final.jar;C:\Users\AIT TR Student\.m2\repository\io\netty\netty-codec\4.1.96.Final\netty-codec-4.1.96.Final.jar;C:\Users\AIT TR Student\.m2\repository\io\netty\netty-handler\4.1.96.Final\netty-handler-4.1.96.Final.jar;C:\Users\AIT TR Student\.m2\repository\io\netty\netty-common\4.1.96.Final\netty-common-4.1.96.Final.jar;C:\Users\AIT TR Student\.m2\repository\io\netty\netty-transport-classes-epoll\4.1.96.Final\netty-transport-classes-epoll-4.1.96.Final.jar;C:\Users\AIT TR Student\.m2\repository\io\netty\netty-transport-classes-kqueue\4.1.96.Final\netty-transport-classes-kqueue-4.1.96.Final.jar;C:\Users\AIT TR Student\.m2\repository\io\netty\netty-transport-native-epoll\4.1.96.Final\netty-transport-native-epoll-4.1.96.Final.jar;C:\Users\AIT TR Student\.m2\repository\io\netty\netty-transport-native-kqueue\4.1.96.Final\netty-transport-native-kqueue-4.1.96.Final.jar;C:\Users\AIT TR Student\.m2\repository\io\netty\netty-transport-native-unix-common\4.1.96.Final\netty-transport-native-unix-common-4.1.96.Final.jar;C:\Users\AIT TR Student\.m2\repository\io\netty\netty-transport\4.1.96.Final\netty-transport-4.1.96.Final.jar;C:\Users\AIT TR Student\.m2\repository\io\netty\netty-resolver\4.1.96.Final\netty-resolver-4.1.96.Final.jar;C:\Users\AIT TR Student\.m2\repository\io\opentelemetry\opentelemetry-api\1.28.0\opentelemetry-api-1.28.0.jar;C:\Users\AIT TR Student\.m2\repository\io\opentelemetry\opentelemetry-context\1.28.0\opentelemetry-context-1.28.0.jar;C:\Users\AIT TR Student\.m2\repository\io\opentelemetry\opentelemetry-exporter-logging\1.28.0\opentelemetry-exporter-logging-1.28.0.jar;C:\Users\AIT TR Student\.m2\repository\io\opentelemetry\opentelemetry-sdk-metrics\1.28.0\opentelemetry-sdk-metrics-1.28.0.jar;C:\Users\AIT TR Student\.m2\repository\io\opentelemetry\opentelemetry-extension-incubator\1.28.0-alpha\opentelemetry-extension-incubator-1.28.0-alpha.jar;C:\Users\AIT TR Student\.m2\repository\io\opentelemetry\opentelemetry-sdk-logs\1.28.0\opentelemetry-sdk-logs-1.28.0.jar;C:\Users\AIT TR Student\.m2\repository\io\opentelemetry\opentelemetry-sdk-common\1.28.0\opentelemetry-sdk-common-1.28.0.jar;C:\Users\AIT TR Student\.m2\repository\io\opentelemetry\opentelemetry-sdk-extension-autoconfigure-spi\1.28.0\opentelemetry-sdk-extension-autoconfigure-spi-1.28.0.jar;C:\Users\AIT TR Student\.m2\repository\io\opentelemetry\opentelemetry-sdk-extension-autoconfigure\1.28.0\opentelemetry-sdk-extension-autoconfigure-1.28.0.jar;C:\Users\AIT TR Student\.m2\repository\io\opentelemetry\opentelemetry-api-events\1.28.0-alpha\opentelemetry-api-events-1.28.0-alpha.jar;C:\Users\AIT TR Student\.m2\repository\io\opentelemetry\opentelemetry-sdk-trace\1.28.0\opentelemetry-sdk-trace-1.28.0.jar;C:\Users\AIT TR Student\.m2\repository\io\opentelemetry\opentelemetry-sdk\1.28.0\opentelemetry-sdk-1.28.0.jar;C:\Users\AIT TR Student\.m2\repository\io\opentelemetry\opentelemetry-semconv\1.28.0-alpha\opentelemetry-semconv-1.28.0-alpha.jar;C:\Users\AIT TR Student\.m2\repository\net\bytebuddy\byte-buddy\1.14.5\byte-buddy-1.14.5.jar;C:\Users\AIT TR Student\.m2\repository\org\asynchttpclient\async-http-client\2.12.3\async-http-client-2.12.3.jar;C:\Users\AIT TR Student\.m2\repository\org\asynchttpclient\async-http-client-netty-utils\2.12.3\async-http-client-netty-utils-2.12.3.jar;C:\Users\AIT TR Student\.m2\repository\io\netty\netty-codec-socks\4.1.60.Final\netty-codec-socks-4.1.60.Final.jar;C:\Users\AIT TR Student\.m2\repository\io\netty\netty-handler-proxy\4.1.60.Final\netty-handler-proxy-4.1.60.Final.jar;C:\Users\AIT TR Student\.m2\repository\io\netty\netty-transport-native-epoll\4.1.60.Final\netty-transport-native-epoll-4.1.60.Final-linux-x86_64.jar;C:\Users\AIT TR Student\.m2\repository\io\netty\netty-transport-native-kqueue\4.1.60.Final\netty-transport-native-kqueue-4.1.60.Final-osx-x86_64.jar;C:\Users\AIT TR Student\.m2\repository\org\reactivestreams\reactive-streams\1.0.3\reactive-streams-1.0.3.jar;C:\Users\AIT TR Student\.m2\repository\com\typesafe\netty\netty-reactive-streams\2.0.4\netty-reactive-streams-2.0.4.jar;C:\Users\AIT TR Student\.m2\repository\com\sun\activation\jakarta.activation\1.2.2\jakarta.activation-1.2.2.jar;C:\Users\AIT TR Student\.m2\repository\org\seleniumhq\selenium\selenium-os\4.12.1\selenium-os-4.12.1.jar;C:\Users\AIT TR Student\.m2\repository\org\apache\commons\commons-exec\1.3\commons-exec-1.3.jar;C:\Users\AIT TR Student\.m2\repository\org\seleniumhq\selenium\selenium-safari-driver\4.12.1\selenium-safari-driver-4.12.1.jar;C:\Users\AIT TR Student\.m2\repository\org\seleniumhq\selenium\selenium-support\4.12.1\selenium-support-4.12.1.jar;C:\Users\AIT TR Student\.m2\repository\org\testng\testng\7.8.0\testng-7.8.0.jar;C:\Users\AIT TR Student\.m2\repository\org\slf4j\slf4j-api\1.7.36\slf4j-api-1.7.36.jar;C:\Users\AIT TR Student\.m2\repository\com\beust\jcommander\1.82\jcommander-1.82.jar;C:\Users\AIT TR Student\.m2\repository\org\webjars\jquery\3.6.1\jquery-3.6.1.jar;C:\Users\AIT TR Student\.m2\repository\ch\qos\logback\logback-classic\1.2.8\logback-classic-1.2.8.jar;C:\Users\AIT TR Student\.m2\repository\ch\qos\logback\logback-core\1.2.8\logback-core-1.2.8.jar;C:\Users\AIT TR Student\.m2\repository\org\apache\maven\surefire\surefire-testng-utils\2.21.0\surefire-testng-utils-2.21.0.jar;C:\Users\AIT TR Student\.m2\repository\org\apache\maven\surefire\surefire-grouper\2.21.0\surefire-grouper-2.21.0.jar;"/>
    <property name="java.vm.vendor" value="Oracle Corporation"/>
    <property name="sun.arch.data.model" value="64"/>
    <property name="application.properties" value="/application.properties"/>
    <property name="user.variant" value=""/>
    <property name="java.vendor.url" value="https://openjdk.java.net/"/>
    <property name="user.timezone" value=""/>
    <property name="user.country.format" value="US"/>
    <property name="java.vm.specification.version" value="11"/>
    <property name="os.name" value="Windows 10"/>
    <property name="sun.java.launcher" value="SUN_STANDARD"/>
    <property name="user.country" value="RU"/>
    <property name="sun.boot.library.path" value="C:\Program Files\Java\jdk-11.0.16\bin"/>
    <property name="sun.java.command" value="C:\Users\AITTRS~1\AppData\Local\Temp\surefire17312663080894948953\surefirebooter5027883370425685156.jar C:\Users\AIT TR Student\AppData\Local\Temp\surefire17312663080894948953 2023-11-18T15-51-14_314-jvmRun1 surefire13719438478482646388tmp surefire_08135414746081755806tmp"/>
    <property name="jdk.debug" value="release"/>
    <property name="surefire.test.class.path" value="C:\Dog\Dog\target\test-classes;C:\Dog\Dog\target\classes;C:\Users\AIT TR Student\.m2\repository\org\seleniumhq\selenium\selenium-java\4.12.1\selenium-java-4.12.1.jar;C:\Users\AIT TR Student\.m2\repository\org\seleniumhq\selenium\selenium-api\4.12.1\selenium-api-4.12.1.jar;C:\Users\AIT TR Student\.m2\repository\org\seleniumhq\selenium\selenium-chrome-driver\4.12.1\selenium-chrome-driver-4.12.1.jar;C:\Users\AIT TR Student\.m2\repository\com\google\auto\service\auto-service-annotations\1.1.1\auto-service-annotations-1.1.1.jar;C:\Users\AIT TR Student\.m2\repository\com\google\guava\guava\32.1.2-jre\guava-32.1.2-jre.jar;C:\Users\AIT TR Student\.m2\repository\com\google\guava\failureaccess\1.0.1\failureaccess-1.0.1.jar;C:\Users\AIT TR Student\.m2\repository\com\google\guava\listenablefuture\9999.0-empty-to-avoid-conflict-with-guava\listenablefuture-9999.0-empty-to-avoid-conflict-with-guava.jar;C:\Users\AIT TR Student\.m2\repository\com\google\code\findbugs\jsr305\3.0.2\jsr305-3.0.2.jar;C:\Users\AIT TR Student\.m2\repository\org\checkerframework\checker-qual\3.33.0\checker-qual-3.33.0.jar;C:\Users\AIT TR Student\.m2\repository\com\google\errorprone\error_prone_annotations\2.18.0\error_prone_annotations-2.18.0.jar;C:\Users\AIT TR Student\.m2\repository\com\google\j2objc\j2objc-annotations\2.8\j2objc-annotations-2.8.jar;C:\Users\AIT TR Student\.m2\repository\org\seleniumhq\selenium\selenium-chromium-driver\4.12.1\selenium-chromium-driver-4.12.1.jar;C:\Users\AIT TR Student\.m2\repository\org\seleniumhq\selenium\selenium-json\4.12.1\selenium-json-4.12.1.jar;C:\Users\AIT TR Student\.m2\repository\org\seleniumhq\selenium\selenium-manager\4.12.1\selenium-manager-4.12.1.jar;C:\Users\AIT TR Student\.m2\repository\org\seleniumhq\selenium\selenium-devtools-v114\4.12.1\selenium-devtools-v114-4.12.1.jar;C:\Users\AIT TR Student\.m2\repository\org\seleniumhq\selenium\selenium-devtools-v115\4.12.1\selenium-devtools-v115-4.12.1.jar;C:\Users\AIT TR Student\.m2\repository\org\seleniumhq\selenium\selenium-devtools-v116\4.12.1\selenium-devtools-v116-4.12.1.jar;C:\Users\AIT TR Student\.m2\repository\org\seleniumhq\selenium\selenium-devtools-v85\4.12.1\selenium-devtools-v85-4.12.1.jar;C:\Users\AIT TR Student\.m2\repository\org\seleniumhq\selenium\selenium-edge-driver\4.12.1\selenium-edge-driver-4.12.1.jar;C:\Users\AIT TR Student\.m2\repository\org\seleniumhq\selenium\selenium-firefox-driver\4.12.1\selenium-firefox-driver-4.12.1.jar;C:\Users\AIT TR Student\.m2\repository\org\seleniumhq\selenium\selenium-http\4.12.1\selenium-http-4.12.1.jar;C:\Users\AIT TR Student\.m2\repository\dev\failsafe\failsafe\3.3.2\failsafe-3.3.2.jar;C:\Users\AIT TR Student\.m2\repository\org\seleniumhq\selenium\selenium-ie-driver\4.12.1\selenium-ie-driver-4.12.1.jar;C:\Users\AIT TR Student\.m2\repository\org\seleniumhq\selenium\selenium-remote-driver\4.12.1\selenium-remote-driver-4.12.1.jar;C:\Users\AIT TR Student\.m2\repository\io\netty\netty-buffer\4.1.96.Final\netty-buffer-4.1.96.Final.jar;C:\Users\AIT TR Student\.m2\repository\io\netty\netty-codec-http\4.1.96.Final\netty-codec-http-4.1.96.Final.jar;C:\Users\AIT TR Student\.m2\repository\io\netty\netty-codec\4.1.96.Final\netty-codec-4.1.96.Final.jar;C:\Users\AIT TR Student\.m2\repository\io\netty\netty-handler\4.1.96.Final\netty-handler-4.1.96.Final.jar;C:\Users\AIT TR Student\.m2\repository\io\netty\netty-common\4.1.96.Final\netty-common-4.1.96.Final.jar;C:\Users\AIT TR Student\.m2\repository\io\netty\netty-transport-classes-epoll\4.1.96.Final\netty-transport-classes-epoll-4.1.96.Final.jar;C:\Users\AIT TR Student\.m2\repository\io\netty\netty-transport-classes-kqueue\4.1.96.Final\netty-transport-classes-kqueue-4.1.96.Final.jar;C:\Users\AIT TR Student\.m2\repository\io\netty\netty-transport-native-epoll\4.1.96.Final\netty-transport-native-epoll-4.1.96.Final.jar;C:\Users\AIT TR Student\.m2\repository\io\netty\netty-transport-native-kqueue\4.1.96.Final\netty-transport-native-kqueue-4.1.96.Final.jar;C:\Users\AIT TR Student\.m2\repository\io\netty\netty-transport-native-unix-common\4.1.96.Final\netty-transport-native-unix-common-4.1.96.Final.jar;C:\Users\AIT TR Student\.m2\repository\io\netty\netty-transport\4.1.96.Final\netty-transport-4.1.96.Final.jar;C:\Users\AIT TR Student\.m2\repository\io\netty\netty-resolver\4.1.96.Final\netty-resolver-4.1.96.Final.jar;C:\Users\AIT TR Student\.m2\repository\io\opentelemetry\opentelemetry-api\1.28.0\opentelemetry-api-1.28.0.jar;C:\Users\AIT TR Student\.m2\repository\io\opentelemetry\opentelemetry-context\1.28.0\opentelemetry-context-1.28.0.jar;C:\Users\AIT TR Student\.m2\repository\io\opentelemetry\opentelemetry-exporter-logging\1.28.0\opentelemetry-exporter-logging-1.28.0.jar;C:\Users\AIT TR Student\.m2\repository\io\opentelemetry\opentelemetry-sdk-metrics\1.28.0\opentelemetry-sdk-metrics-1.28.0.jar;C:\Users\AIT TR Student\.m2\repository\io\opentelemetry\opentelemetry-extension-incubator\1.28.0-alpha\opentelemetry-extension-incubator-1.28.0-alpha.jar;C:\Users\AIT TR Student\.m2\repository\io\opentelemetry\opentelemetry-sdk-logs\1.28.0\opentelemetry-sdk-logs-1.28.0.jar;C:\Users\AIT TR Student\.m2\repository\io\opentelemetry\opentelemetry-sdk-common\1.28.0\opentelemetry-sdk-common-1.28.0.jar;C:\Users\AIT TR Student\.m2\repository\io\opentelemetry\opentelemetry-sdk-extension-autoconfigure-spi\1.28.0\opentelemetry-sdk-extension-autoconfigure-spi-1.28.0.jar;C:\Users\AIT TR Student\.m2\repository\io\opentelemetry\opentelemetry-sdk-extension-autoconfigure\1.28.0\opentelemetry-sdk-extension-autoconfigure-1.28.0.jar;C:\Users\AIT TR Student\.m2\repository\io\opentelemetry\opentelemetry-api-events\1.28.0-alpha\opentelemetry-api-events-1.28.0-alpha.jar;C:\Users\AIT TR Student\.m2\repository\io\opentelemetry\opentelemetry-sdk-trace\1.28.0\opentelemetry-sdk-trace-1.28.0.jar;C:\Users\AIT TR Student\.m2\repository\io\opentelemetry\opentelemetry-sdk\1.28.0\opentelemetry-sdk-1.28.0.jar;C:\Users\AIT TR Student\.m2\repository\io\opentelemetry\opentelemetry-semconv\1.28.0-alpha\opentelemetry-semconv-1.28.0-alpha.jar;C:\Users\AIT TR Student\.m2\repository\net\bytebuddy\byte-buddy\1.14.5\byte-buddy-1.14.5.jar;C:\Users\AIT TR Student\.m2\repository\org\asynchttpclient\async-http-client\2.12.3\async-http-client-2.12.3.jar;C:\Users\AIT TR Student\.m2\repository\org\asynchttpclient\async-http-client-netty-utils\2.12.3\async-http-client-netty-utils-2.12.3.jar;C:\Users\AIT TR Student\.m2\repository\io\netty\netty-codec-socks\4.1.60.Final\netty-codec-socks-4.1.60.Final.jar;C:\Users\AIT TR Student\.m2\repository\io\netty\netty-handler-proxy\4.1.60.Final\netty-handler-proxy-4.1.60.Final.jar;C:\Users\AIT TR Student\.m2\repository\io\netty\netty-transport-native-epoll\4.1.60.Final\netty-transport-native-epoll-4.1.60.Final-linux-x86_64.jar;C:\Users\AIT TR Student\.m2\repository\io\netty\netty-transport-native-kqueue\4.1.60.Final\netty-transport-native-kqueue-4.1.60.Final-osx-x86_64.jar;C:\Users\AIT TR Student\.m2\repository\org\reactivestreams\reactive-streams\1.0.3\reactive-streams-1.0.3.jar;C:\Users\AIT TR Student\.m2\repository\com\typesafe\netty\netty-reactive-streams\2.0.4\netty-reactive-streams-2.0.4.jar;C:\Users\AIT TR Student\.m2\repository\com\sun\activation\jakarta.activation\1.2.2\jakarta.activation-1.2.2.jar;C:\Users\AIT TR Student\.m2\repository\org\seleniumhq\selenium\selenium-os\4.12.1\selenium-os-4.12.1.jar;C:\Users\AIT TR Student\.m2\repository\org\apache\commons\commons-exec\1.3\commons-exec-1.3.jar;C:\Users\AIT TR Student\.m2\repository\org\seleniumhq\selenium\selenium-safari-driver\4.12.1\selenium-safari-driver-4.12.1.jar;C:\Users\AIT TR Student\.m2\repository\org\seleniumhq\selenium\selenium-support\4.12.1\selenium-support-4.12.1.jar;C:\Users\AIT TR Student\.m2\repository\org\testng\testng\7.8.0\testng-7.8.0.jar;C:\Users\AIT TR Student\.m2\repository\org\slf4j\slf4j-api\1.7.36\slf4j-api-1.7.36.jar;C:\Users\AIT TR Student\.m2\repository\com\beust\jcommander\1.82\jcommander-1.82.jar;C:\Users\AIT TR Student\.m2\repository\org\webjars\jquery\3.6.1\jquery-3.6.1.jar;C:\Users\AIT TR Student\.m2\repository\ch\qos\logback\logback-classic\1.2.8\logback-classic-1.2.8.jar;C:\Users\AIT TR Student\.m2\repository\ch\qos\logback\logback-core\1.2.8\logback-core-1.2.8.jar;C:\Users\AIT TR Student\.m2\repository\org\apache\maven\surefire\surefire-testng-utils\2.21.0\surefire-testng-utils-2.21.0.jar;C:\Users\AIT TR Student\.m2\repository\org\apache\maven\surefire\surefire-grouper\2.21.0\surefire-grouper-2.21.0.jar;"/>
    <property name="sun.cpu.endian" value="little"/>
    <property name="user.home" value="C:\Users\AIT TR Student"/>
    <property name="user.language" value="ru"/>
    <property name="java.specification.vendor" value="Oracle Corporation"/>
    <property name="java.version.date" value="2022-07-19"/>
    <property name="java.home" value="C:\Program Files\Java\jdk-11.0.16"/>
    <property name="file.separator" value="\"/>
    <property name="basedir" value="C:\Dog\Dog"/>
    <property name="java.vm.compressedOopsMode" value="32-bit"/>
    <property name="line.separator" value="&#10;"/>
    <property name="java.specification.name" value="Java Platform API Specification"/>
    <property name="java.vm.specification.vendor" value="Oracle Corporation"/>
    <property name="java.awt.graphicsenv" value="sun.awt.Win32GraphicsEnvironment"/>
    <property name="surefire.real.class.path" value="C:\Users\AITTRS~1\AppData\Local\Temp\surefire17312663080894948953\surefirebooter5027883370425685156.jar"/>
    <property name="user.script" value=""/>
    <property name="sun.management.compiler" value="HotSpot 64-Bit Tiered Compilers"/>
    <property name="java.runtime.version" value="11.0.16+11-LTS-199"/>
    <property name="user.name" value="AIT TR Student"/>
    <property name="path.separator" value=";"/>
    <property name="os.version" value="10.0"/>
    <property name="java.runtime.name" value="Java(TM) SE Runtime Environment"/>
    <property name="file.encoding" value="Cp1252"/>
    <property name="java.vm.name" value="Java HotSpot(TM) 64-Bit Server VM"/>
    <property name="java.vendor.version" value="18.9"/>
    <property name="localRepository" value="C:\Users\AIT TR Student\.m2\repository"/>
    <property name="java.vendor.url.bug" value="https://bugreport.java.com/bugreport/"/>
    <property name="java.io.tmpdir" value="C:\Users\AITTRS~1\AppData\Local\Temp\"/>
    <property name="java.version" value="11.0.16"/>
    <property name="user.dir" value="C:\Dog\Dog"/>
    <property name="os.arch" value="amd64"/>
    <property name="java.vm.specification.name" value="Java Virtual Machine Specification"/>
    <property name="java.awt.printerjob" value="sun.awt.windows.WPrinterJob"/>
    <property name="user.language.format" value="en"/>
    <property name="sun.os.patch.level" value=""/>
    <property name="java.library.path" value="C:\Program Files\Java\jdk-11.0.16\bin;C:\Windows\Sun\Java\bin;C:\Windows\system32;C:\Windows;C:\Python311\Scripts\;C:\Program Files\Java\jdk-11.0.16\bin;C:\Tools\;C:\Tools\gradle-8.3\bin;C:\Users\AIT TR Student\AppData\Local\Android\Sdk\emulator;C:\Users\AIT TR Student\AppData\Local\Android\Sdk\tools;C:\Users\AIT TR Student\AppData\Local\Android\Sdk\platform-tools;C:\Users\AIT TR Student\AppData\Local\Android\Sdk\tools\bin;C:\Tools\apache-maven-3.9.5\bin;C:\Python311\;C:\Windows\system32;C:\Windows;C:\Windows\System32\Wbem;C:\Windows\System32\WindowsPowerShell\v1.0\;C:\Windows\System32\OpenSSH\;C:\Program Files\Git\cmd;C:\ProgramData\chocolatey\bin;C:\Program Files\nodejs\;C:\Users\AIT TR Student\AppData\Local\Microsoft\WindowsApps;;C:\Users\AIT TR Student\AppData\Local\Programs\Microsoft VS Code\bin;C:\Users\AIT TR Student\AppData\Roaming\npm;C:\Users\AIT TR Student\AppData\Local\Programs\Fiddler;."/>
    <property name="java.vendor" value="Oracle Corporation"/>
    <property name="java.vm.info" value="mixed mode"/>
    <property name="java.vm.version" value="11.0.16+11-LTS-199"/>
    <property name="sun.io.unicode.encoding" value="UnicodeLittle"/>
    <property name="java.class.version" value="55.0"/>
  </properties>
  <testcase name="isAboutComponentPresentTest" classname="org.nat.dog.tests.aboutPage.AboutPageTests" time="0.216"/>
  <testcase name="fillClinicsForm" classname="org.nat.dog.tests.clinicsPage.ClinicsPageTests" time="1.501"/>
  <testcase name="isClinicsComponentPresentTest" classname="org.nat.dog.tests.clinicsPage.ClinicsPageTests" time="0.337"/>
  <testcase name="showClinicsList" classname="org.nat.dog.tests.clinicsPage.ClinicsPageTests" time="1.452"/>
  <testcase name="fillInTouchFormTest" classname="org.nat.dog.tests.contactPage.ContactPageTests" time="4.434"/>
  <testcase name="isGoingToGoogleMapsTest" classname="org.nat.dog.tests.contactPage.ContactPageTests" time="0.196"/>
  <testcase name="isDatenschutzbestimmungenLinkClickableTest" classname="org.nat.dog.tests.footerPage.FooterPageTests" time="1.851"/>
  <testcase name="isDatenschutzbestimmungenLinkPresentTest" classname="org.nat.dog.tests.footerPage.FooterPageTests" time="0.166"/>
  <testcase name="isEineFragenStelenLinkClickableTest" classname="org.nat.dog.tests.footerPage.FooterPageTests" time="1.652"/>
  <testcase name="isEineFragenStelenLinkPresentTest" classname="org.nat.dog.tests.footerPage.FooterPageTests" time="0.36"/>
  <testcase name="isEmailPresentTest" classname="org.nat.dog.tests.footerPage.FooterPageTests" time="0.32"/>
  <testcase name="isFacebookComponentPresentTest" classname="org.nat.dog.tests.footerPage.FooterPageTests" time="2.631"/>
  <testcase name="isHotelFürHundeLinkClickableTest" classname="org.nat.dog.tests.footerPage.FooterPageTests" time="1.624"/>
  <testcase name="isHotelFürHundeLinkPresentTest" classname="org.nat.dog.tests.footerPage.FooterPageTests" time="0.279"/>
  <testcase name="isHundesitterLinkClickableTest" classname="org.nat.dog.tests.footerPage.FooterPageTests" time="1.932"/>
  <testcase name="isHundesitterLinkPresentTest" classname="org.nat.dog.tests.footerPage.FooterPageTests" time="0.439"/>
  <testcase name="isHundeverpaarrungLinkClickableTest" classname="org.nat.dog.tests.footerPage.FooterPageTests" time="5.482"/>
  <testcase name="isHundeverpaarrungLinkPresentTest" classname="org.nat.dog.tests.footerPage.FooterPageTests" time="0.395"/>
  <testcase name="isInstagramComponentPresentTest" classname="org.nat.dog.tests.footerPage.FooterPageTests" time="4.272"/>
  <testcase name="isMainAddressPresentTest" classname="org.nat.dog.tests.footerPage.FooterPageTests" time="1.29"/>
  <testcase name="isNutzungsvertragLinkClickableTest" classname="org.nat.dog.tests.footerPage.FooterPageTests" time="2.153"/>
  <testcase name="init" classname="org.nat.dog.tests.footerPage.FooterPageTests" time="7.184">
    <failure message="Could not start a new session. Response code 500. Message: unknown error: failed to write prefs file &#10;Host info: host: &apos;DESKTOP-OS617JJ&apos;, ip: &apos;172.18.176.1&apos;&#10;Build info: version: &apos;4.12.1&apos;, revision: &apos;8e34639b11&apos;&#10;System info: os.name: &apos;Windows 10&apos;, os.arch: &apos;amd64&apos;, os.version: &apos;10.0&apos;, java.version: &apos;11.0.16&apos;&#10;Driver info: org.openqa.selenium.chrome.ChromeDriver&#10;Command: [null, newSession {capabilities=[Capabilities {browserName: chrome, goog:chromeOptions: {args: [--remote-allow-origins=*], binary: C:\Program Files\Google\Chr..., extensions: []}}]}]" type="org.openqa.selenium.SessionNotCreatedException">org.openqa.selenium.SessionNotCreatedException: 
Could not start a new session. Response code 500. Message: unknown error: failed to write prefs file 
Host info: host: 'DESKTOP-OS617JJ', ip: '172.18.176.1'
Build info: version: '4.12.1', revision: '8e34639b11'
System info: os.name: 'Windows 10', os.arch: 'amd64', os.version: '10.0', java.version: '11.0.16'
Driver info: org.openqa.selenium.chrome.ChromeDriver
Command: [null, newSession {capabilities=[Capabilities {browserName: chrome, goog:chromeOptions: {args: [--remote-allow-origins=*], binary: C:\Program Files\Google\Chr..., extensions: []}}]}]
</failure>
  </testcase>
  <testcase name="init" classname="org.nat.dog.tests.footerPage.FooterPageTests" time="0">
    <skipped/>
  </testcase>
  <testcase name="init" classname="org.nat.dog.tests.footerPage.FooterPageTests" time="0">
    <skipped/>
  </testcase>
  <testcase name="init" classname="org.nat.dog.tests.footerPage.FooterPageTests" time="0">
    <skipped/>
  </testcase>
  <testcase name="init" classname="org.nat.dog.tests.footerPage.FooterPageTests" time="0">
    <skipped/>
  </testcase>
  <testcase name="init" classname="org.nat.dog.tests.footerPage.FooterPageTests" time="0">
    <skipped/>
  </testcase>
  <testcase name="init" classname="org.nat.dog.tests.footerPage.FooterPageTests" time="0">
    <skipped/>
  </testcase>
  <testcase name="init" classname="org.nat.dog.tests.footerPage.FooterPageTests" time="0">
    <skipped/>
  </testcase>
  <testcase name="init" classname="org.nat.dog.tests.footerPage.FooterPageTests" time="0">
    <skipped/>
  </testcase>
  <testcase name="startLogger" classname="org.nat.dog.tests.footerPage.FooterPageTests" time="0">
    <skipped/>
  </testcase>
  <testcase name="startLogger" classname="org.nat.dog.tests.footerPage.FooterPageTests" time="0">
    <skipped/>
  </testcase>
  <testcase name="startLogger" classname="org.nat.dog.tests.footerPage.FooterPageTests" time="0">
    <skipped/>
  </testcase>
  <testcase name="startLogger" classname="org.nat.dog.tests.footerPage.FooterPageTests" time="0">
    <skipped/>
  </testcase>
  <testcase name="startLogger" classname="org.nat.dog.tests.footerPage.FooterPageTests" time="0">
    <skipped/>
  </testcase>
  <testcase name="startLogger" classname="org.nat.dog.tests.footerPage.FooterPageTests" time="0">
    <skipped/>
  </testcase>
  <testcase name="startLogger" classname="org.nat.dog.tests.footerPage.FooterPageTests" time="0">
    <skipped/>
  </testcase>
  <testcase name="startLogger" classname="org.nat.dog.tests.footerPage.FooterPageTests" time="0">
    <skipped/>
  </testcase>
  <testcase name="startLogger" classname="org.nat.dog.tests.footerPage.FooterPageTests" time="0">
    <skipped/>
  </testcase>
  <testcase name="isNutzungsvertragLinkPresentTest" classname="org.nat.dog.tests.footerPage.FooterPageTests" time="0">
    <skipped message="Could not start a new session. Response code 500. Message: unknown error: failed to write prefs file &#10;Host info: host: &apos;DESKTOP-OS617JJ&apos;, ip: &apos;172.18.176.1&apos;&#10;Build info: version: &apos;4.12.1&apos;, revision: &apos;8e34639b11&apos;&#10;System info: os.name: &apos;Windows 10&apos;, os.arch: &apos;amd64&apos;, os.version: &apos;10.0&apos;, java.version: &apos;11.0.16&apos;&#10;Driver info: org.openqa.selenium.chrome.ChromeDriver&#10;Command: [null, newSession {capabilities=[Capabilities {browserName: chrome, goog:chromeOptions: {args: [--remote-allow-origins=*], binary: C:\Program Files\Google\Chr..., extensions: []}}]}]"/>
  </testcase>
  <testcase name="isPhonePresentTest" classname="org.nat.dog.tests.footerPage.FooterPageTests" time="0">
    <skipped message="Could not start a new session. Response code 500. Message: unknown error: failed to write prefs file &#10;Host info: host: &apos;DESKTOP-OS617JJ&apos;, ip: &apos;172.18.176.1&apos;&#10;Build info: version: &apos;4.12.1&apos;, revision: &apos;8e34639b11&apos;&#10;System info: os.name: &apos;Windows 10&apos;, os.arch: &apos;amd64&apos;, os.version: &apos;10.0&apos;, java.version: &apos;11.0.16&apos;&#10;Driver info: org.openqa.selenium.chrome.ChromeDriver&#10;Command: [null, newSession {capabilities=[Capabilities {browserName: chrome, goog:chromeOptions: {args: [--remote-allow-origins=*], binary: C:\Program Files\Google\Chr..., extensions: []}}]}]"/>
  </testcase>
  <testcase name="isRegistrirenLinkClickableTest" classname="org.nat.dog.tests.footerPage.FooterPageTests" time="0">
    <skipped message="Could not start a new session. Response code 500. Message: unknown error: failed to write prefs file &#10;Host info: host: &apos;DESKTOP-OS617JJ&apos;, ip: &apos;172.18.176.1&apos;&#10;Build info: version: &apos;4.12.1&apos;, revision: &apos;8e34639b11&apos;&#10;System info: os.name: &apos;Windows 10&apos;, os.arch: &apos;amd64&apos;, os.version: &apos;10.0&apos;, java.version: &apos;11.0.16&apos;&#10;Driver info: org.openqa.selenium.chrome.ChromeDriver&#10;Command: [null, newSession {capabilities=[Capabilities {browserName: chrome, goog:chromeOptions: {args: [--remote-allow-origins=*], binary: C:\Program Files\Google\Chr..., extensions: []}}]}]"/>
  </testcase>
  <testcase name="isRegistrirenLinkPresentTest" classname="org.nat.dog.tests.footerPage.FooterPageTests" time="0">
    <skipped message="Could not start a new session. Response code 500. Message: unknown error: failed to write prefs file &#10;Host info: host: &apos;DESKTOP-OS617JJ&apos;, ip: &apos;172.18.176.1&apos;&#10;Build info: version: &apos;4.12.1&apos;, revision: &apos;8e34639b11&apos;&#10;System info: os.name: &apos;Windows 10&apos;, os.arch: &apos;amd64&apos;, os.version: &apos;10.0&apos;, java.version: &apos;11.0.16&apos;&#10;Driver info: org.openqa.selenium.chrome.ChromeDriver&#10;Command: [null, newSession {capabilities=[Capabilities {browserName: chrome, goog:chromeOptions: {args: [--remote-allow-origins=*], binary: C:\Program Files\Google\Chr..., extensions: []}}]}]"/>
  </testcase>
  <testcase name="isVerkaufVonHundeLinkClickableTest" classname="org.nat.dog.tests.footerPage.FooterPageTests" time="0">
    <skipped message="Could not start a new session. Response code 500. Message: unknown error: failed to write prefs file &#10;Host info: host: &apos;DESKTOP-OS617JJ&apos;, ip: &apos;172.18.176.1&apos;&#10;Build info: version: &apos;4.12.1&apos;, revision: &apos;8e34639b11&apos;&#10;System info: os.name: &apos;Windows 10&apos;, os.arch: &apos;amd64&apos;, os.version: &apos;10.0&apos;, java.version: &apos;11.0.16&apos;&#10;Driver info: org.openqa.selenium.chrome.ChromeDriver&#10;Command: [null, newSession {capabilities=[Capabilities {browserName: chrome, goog:chromeOptions: {args: [--remote-allow-origins=*], binary: C:\Program Files\Google\Chr..., extensions: []}}]}]"/>
  </testcase>
  <testcase name="isVerkaufVonHundeLinkPresentTest" classname="org.nat.dog.tests.footerPage.FooterPageTests" time="0">
    <skipped message="Could not start a new session. Response code 500. Message: unknown error: failed to write prefs file &#10;Host info: host: &apos;DESKTOP-OS617JJ&apos;, ip: &apos;172.18.176.1&apos;&#10;Build info: version: &apos;4.12.1&apos;, revision: &apos;8e34639b11&apos;&#10;System info: os.name: &apos;Windows 10&apos;, os.arch: &apos;amd64&apos;, os.version: &apos;10.0&apos;, java.version: &apos;11.0.16&apos;&#10;Driver info: org.openqa.selenium.chrome.ChromeDriver&#10;Command: [null, newSession {capabilities=[Capabilities {browserName: chrome, goog:chromeOptions: {args: [--remote-allow-origins=*], binary: C:\Program Files\Google\Chr..., extensions: []}}]}]"/>
  </testcase>
  <testcase name="isYoutubeComponentPresentTest" classname="org.nat.dog.tests.footerPage.FooterPageTests" time="0">
    <skipped message="Could not start a new session. Response code 500. Message: unknown error: failed to write prefs file &#10;Host info: host: &apos;DESKTOP-OS617JJ&apos;, ip: &apos;172.18.176.1&apos;&#10;Build info: version: &apos;4.12.1&apos;, revision: &apos;8e34639b11&apos;&#10;System info: os.name: &apos;Windows 10&apos;, os.arch: &apos;amd64&apos;, os.version: &apos;10.0&apos;, java.version: &apos;11.0.16&apos;&#10;Driver info: org.openqa.selenium.chrome.ChromeDriver&#10;Command: [null, newSession {capabilities=[Capabilities {browserName: chrome, goog:chromeOptions: {args: [--remote-allow-origins=*], binary: C:\Program Files\Google\Chr..., extensions: []}}]}]"/>
  </testcase>
  <testcase name="isZahlungLinkClickableTest" classname="org.nat.dog.tests.footerPage.FooterPageTests" time="0">
    <skipped message="Could not start a new session. Response code 500. Message: unknown error: failed to write prefs file &#10;Host info: host: &apos;DESKTOP-OS617JJ&apos;, ip: &apos;172.18.176.1&apos;&#10;Build info: version: &apos;4.12.1&apos;, revision: &apos;8e34639b11&apos;&#10;System info: os.name: &apos;Windows 10&apos;, os.arch: &apos;amd64&apos;, os.version: &apos;10.0&apos;, java.version: &apos;11.0.16&apos;&#10;Driver info: org.openqa.selenium.chrome.ChromeDriver&#10;Command: [null, newSession {capabilities=[Capabilities {browserName: chrome, goog:chromeOptions: {args: [--remote-allow-origins=*], binary: C:\Program Files\Google\Chr..., extensions: []}}]}]"/>
  </testcase>
  <testcase name="isZahlungLinkPresentTest" classname="org.nat.dog.tests.footerPage.FooterPageTests" time="0">
    <skipped message="Could not start a new session. Response code 500. Message: unknown error: failed to write prefs file &#10;Host info: host: &apos;DESKTOP-OS617JJ&apos;, ip: &apos;172.18.176.1&apos;&#10;Build info: version: &apos;4.12.1&apos;, revision: &apos;8e34639b11&apos;&#10;System info: os.name: &apos;Windows 10&apos;, os.arch: &apos;amd64&apos;, os.version: &apos;10.0&apos;, java.version: &apos;11.0.16&apos;&#10;Driver info: org.openqa.selenium.chrome.ChromeDriver&#10;Command: [null, newSession {capabilities=[Capabilities {browserName: chrome, goog:chromeOptions: {args: [--remote-allow-origins=*], binary: C:\Program Files\Google\Chr..., extensions: []}}]}]"/>
  </testcase>
  <testcase name="init" classname="org.nat.dog.tests.homePage.HomePageTests" time="3.831">
    <failure message="Could not start a new session. Response code 500. Message: unknown error: failed to write prefs file &#10;Host info: host: &apos;DESKTOP-OS617JJ&apos;, ip: &apos;172.18.176.1&apos;&#10;Build info: version: &apos;4.12.1&apos;, revision: &apos;8e34639b11&apos;&#10;System info: os.name: &apos;Windows 10&apos;, os.arch: &apos;amd64&apos;, os.version: &apos;10.0&apos;, java.version: &apos;11.0.16&apos;&#10;Driver info: org.openqa.selenium.chrome.ChromeDriver&#10;Command: [null, newSession {capabilities=[Capabilities {browserName: chrome, goog:chromeOptions: {args: [--remote-allow-origins=*], binary: C:\Program Files\Google\Chr..., extensions: []}}]}]" type="org.openqa.selenium.SessionNotCreatedException">org.openqa.selenium.SessionNotCreatedException: 
Could not start a new session. Response code 500. Message: unknown error: failed to write prefs file 
Host info: host: 'DESKTOP-OS617JJ', ip: '172.18.176.1'
Build info: version: '4.12.1', revision: '8e34639b11'
System info: os.name: 'Windows 10', os.arch: 'amd64', os.version: '10.0', java.version: '11.0.16'
Driver info: org.openqa.selenium.chrome.ChromeDriver
Command: [null, newSession {capabilities=[Capabilities {browserName: chrome, goog:chromeOptions: {args: [--remote-allow-origins=*], binary: C:\Program Files\Google\Chr..., extensions: []}}]}]
</failure>
  </testcase>
  <testcase name="init" classname="org.nat.dog.tests.homePage.HomePageTests" time="0">
    <skipped/>
  </testcase>
  <testcase name="init" classname="org.nat.dog.tests.homePage.HomePageTests" time="0">
    <skipped/>
  </testcase>
  <testcase name="init" classname="org.nat.dog.tests.homePage.HomePageTests" time="0">
    <skipped/>
  </testcase>
  <testcase name="init" classname="org.nat.dog.tests.homePage.HomePageTests" time="0">
    <skipped/>
  </testcase>
  <testcase name="init" classname="org.nat.dog.tests.homePage.HomePageTests" time="0">
    <skipped/>
  </testcase>
  <testcase name="init" classname="org.nat.dog.tests.homePage.HomePageTests" time="0">
    <skipped/>
  </testcase>
  <testcase name="init" classname="org.nat.dog.tests.homePage.HomePageTests" time="0">
    <skipped/>
  </testcase>
  <testcase name="startLogger" classname="org.nat.dog.tests.homePage.HomePageTests" time="0">
    <skipped/>
  </testcase>
  <testcase name="startLogger" classname="org.nat.dog.tests.homePage.HomePageTests" time="0">
    <skipped/>
  </testcase>
  <testcase name="startLogger" classname="org.nat.dog.tests.homePage.HomePageTests" time="0">
    <skipped/>
  </testcase>
  <testcase name="startLogger" classname="org.nat.dog.tests.homePage.HomePageTests" time="0">
    <skipped/>
  </testcase>
  <testcase name="startLogger" classname="org.nat.dog.tests.homePage.HomePageTests" time="0">
    <skipped/>
  </testcase>
  <testcase name="startLogger" classname="org.nat.dog.tests.homePage.HomePageTests" time="0">
    <skipped/>
  </testcase>
  <testcase name="startLogger" classname="org.nat.dog.tests.homePage.HomePageTests" time="0">
    <skipped/>
  </testcase>
  <testcase name="startLogger" classname="org.nat.dog.tests.homePage.HomePageTests" time="0">
    <skipped/>
  </testcase>
  <testcase name="fillLoginFormUsingDataProviderNegativeTest" classname="org.nat.dog.tests.homePage.HomePageTests" time="0">
    <skipped message="Could not start a new session. Response code 500. Message: unknown error: failed to write prefs file &#10;Host info: host: &apos;DESKTOP-OS617JJ&apos;, ip: &apos;172.18.176.1&apos;&#10;Build info: version: &apos;4.12.1&apos;, revision: &apos;8e34639b11&apos;&#10;System info: os.name: &apos;Windows 10&apos;, os.arch: &apos;amd64&apos;, os.version: &apos;10.0&apos;, java.version: &apos;11.0.16&apos;&#10;Driver info: org.openqa.selenium.chrome.ChromeDriver&#10;Command: [null, newSession {capabilities=[Capabilities {browserName: chrome, goog:chromeOptions: {args: [--remote-allow-origins=*], binary: C:\Program Files\Google\Chr..., extensions: []}}]}]"/>
  </testcase>
  <testcase name="fillLoginFormUsingDataProviderTest" classname="org.nat.dog.tests.homePage.HomePageTests" time="0">
    <skipped message="Could not start a new session. Response code 500. Message: unknown error: failed to write prefs file &#10;Host info: host: &apos;DESKTOP-OS617JJ&apos;, ip: &apos;172.18.176.1&apos;&#10;Build info: version: &apos;4.12.1&apos;, revision: &apos;8e34639b11&apos;&#10;System info: os.name: &apos;Windows 10&apos;, os.arch: &apos;amd64&apos;, os.version: &apos;10.0&apos;, java.version: &apos;11.0.16&apos;&#10;Driver info: org.openqa.selenium.chrome.ChromeDriver&#10;Command: [null, newSession {capabilities=[Capabilities {browserName: chrome, goog:chromeOptions: {args: [--remote-allow-origins=*], binary: C:\Program Files\Google\Chr..., extensions: []}}]}]"/>
  </testcase>
  <testcase name="fillRegistrationFormUsingDataProviderNegativeTest" classname="org.nat.dog.tests.homePage.HomePageTests" time="0">
    <skipped message="Could not start a new session. Response code 500. Message: unknown error: failed to write prefs file &#10;Host info: host: &apos;DESKTOP-OS617JJ&apos;, ip: &apos;172.18.176.1&apos;&#10;Build info: version: &apos;4.12.1&apos;, revision: &apos;8e34639b11&apos;&#10;System info: os.name: &apos;Windows 10&apos;, os.arch: &apos;amd64&apos;, os.version: &apos;10.0&apos;, java.version: &apos;11.0.16&apos;&#10;Driver info: org.openqa.selenium.chrome.ChromeDriver&#10;Command: [null, newSession {capabilities=[Capabilities {browserName: chrome, goog:chromeOptions: {args: [--remote-allow-origins=*], binary: C:\Program Files\Google\Chr..., extensions: []}}]}]"/>
  </testcase>
  <testcase name="fillRegistrationFormUsingDataProviderPositiveTest" classname="org.nat.dog.tests.homePage.HomePageTests" time="0">
    <skipped message="Could not start a new session. Response code 500. Message: unknown error: failed to write prefs file &#10;Host info: host: &apos;DESKTOP-OS617JJ&apos;, ip: &apos;172.18.176.1&apos;&#10;Build info: version: &apos;4.12.1&apos;, revision: &apos;8e34639b11&apos;&#10;System info: os.name: &apos;Windows 10&apos;, os.arch: &apos;amd64&apos;, os.version: &apos;10.0&apos;, java.version: &apos;11.0.16&apos;&#10;Driver info: org.openqa.selenium.chrome.ChromeDriver&#10;Command: [null, newSession {capabilities=[Capabilities {browserName: chrome, goog:chromeOptions: {args: [--remote-allow-origins=*], binary: C:\Program Files\Google\Chr..., extensions: []}}]}]"/>
  </testcase>
  <testcase name="imgTest" classname="org.nat.dog.tests.homePage.HomePageTests" time="0">
    <skipped message="Could not start a new session. Response code 500. Message: unknown error: failed to write prefs file &#10;Host info: host: &apos;DESKTOP-OS617JJ&apos;, ip: &apos;172.18.176.1&apos;&#10;Build info: version: &apos;4.12.1&apos;, revision: &apos;8e34639b11&apos;&#10;System info: os.name: &apos;Windows 10&apos;, os.arch: &apos;amd64&apos;, os.version: &apos;10.0&apos;, java.version: &apos;11.0.16&apos;&#10;Driver info: org.openqa.selenium.chrome.ChromeDriver&#10;Command: [null, newSession {capabilities=[Capabilities {browserName: chrome, goog:chromeOptions: {args: [--remote-allow-origins=*], binary: C:\Program Files\Google\Chr..., extensions: []}}]}]"/>
  </testcase>
  <testcase name="isHomeComponentPresentTest" classname="org.nat.dog.tests.homePage.HomePageTests" time="0">
    <skipped message="Could not start a new session. Response code 500. Message: unknown error: failed to write prefs file &#10;Host info: host: &apos;DESKTOP-OS617JJ&apos;, ip: &apos;172.18.176.1&apos;&#10;Build info: version: &apos;4.12.1&apos;, revision: &apos;8e34639b11&apos;&#10;System info: os.name: &apos;Windows 10&apos;, os.arch: &apos;amd64&apos;, os.version: &apos;10.0&apos;, java.version: &apos;11.0.16&apos;&#10;Driver info: org.openqa.selenium.chrome.ChromeDriver&#10;Command: [null, newSession {capabilities=[Capabilities {browserName: chrome, goog:chromeOptions: {args: [--remote-allow-origins=*], binary: C:\Program Files\Google\Chr..., extensions: []}}]}]"/>
  </testcase>
  <testcase name="isRegistrationLinkPresentTest" classname="org.nat.dog.tests.homePage.HomePageTests" time="0">
    <skipped message="Could not start a new session. Response code 500. Message: unknown error: failed to write prefs file &#10;Host info: host: &apos;DESKTOP-OS617JJ&apos;, ip: &apos;172.18.176.1&apos;&#10;Build info: version: &apos;4.12.1&apos;, revision: &apos;8e34639b11&apos;&#10;System info: os.name: &apos;Windows 10&apos;, os.arch: &apos;amd64&apos;, os.version: &apos;10.0&apos;, java.version: &apos;11.0.16&apos;&#10;Driver info: org.openqa.selenium.chrome.ChromeDriver&#10;Command: [null, newSession {capabilities=[Capabilities {browserName: chrome, goog:chromeOptions: {args: [--remote-allow-origins=*], binary: C:\Program Files\Google\Chr..., extensions: []}}]}]"/>
  </testcase>
  <testcase name="loginPositiveTest1" classname="org.nat.dog.tests.homePage.HomePageTests" time="0">
    <skipped message="Could not start a new session. Response code 500. Message: unknown error: failed to write prefs file &#10;Host info: host: &apos;DESKTOP-OS617JJ&apos;, ip: &apos;172.18.176.1&apos;&#10;Build info: version: &apos;4.12.1&apos;, revision: &apos;8e34639b11&apos;&#10;System info: os.name: &apos;Windows 10&apos;, os.arch: &apos;amd64&apos;, os.version: &apos;10.0&apos;, java.version: &apos;11.0.16&apos;&#10;Driver info: org.openqa.selenium.chrome.ChromeDriver&#10;Command: [null, newSession {capabilities=[Capabilities {browserName: chrome, goog:chromeOptions: {args: [--remote-allow-origins=*], binary: C:\Program Files\Google\Chr..., extensions: []}}]}]"/>
  </testcase>
  <testcase name="init" classname="org.nat.dog.tests.kennelsPage.KennelsPageTests" time="5.166">
    <failure message="Could not start a new session. Response code 500. Message: unknown error: failed to write prefs file &#10;Host info: host: &apos;DESKTOP-OS617JJ&apos;, ip: &apos;172.18.176.1&apos;&#10;Build info: version: &apos;4.12.1&apos;, revision: &apos;8e34639b11&apos;&#10;System info: os.name: &apos;Windows 10&apos;, os.arch: &apos;amd64&apos;, os.version: &apos;10.0&apos;, java.version: &apos;11.0.16&apos;&#10;Driver info: org.openqa.selenium.chrome.ChromeDriver&#10;Command: [null, newSession {capabilities=[Capabilities {browserName: chrome, goog:chromeOptions: {args: [--remote-allow-origins=*], binary: C:\Program Files\Google\Chr..., extensions: []}}]}]" type="org.openqa.selenium.SessionNotCreatedException">org.openqa.selenium.SessionNotCreatedException: 
Could not start a new session. Response code 500. Message: unknown error: failed to write prefs file 
Host info: host: 'DESKTOP-OS617JJ', ip: '172.18.176.1'
Build info: version: '4.12.1', revision: '8e34639b11'
System info: os.name: 'Windows 10', os.arch: 'amd64', os.version: '10.0', java.version: '11.0.16'
Driver info: org.openqa.selenium.chrome.ChromeDriver
Command: [null, newSession {capabilities=[Capabilities {browserName: chrome, goog:chromeOptions: {args: [--remote-allow-origins=*], binary: C:\Program Files\Google\Chr..., extensions: []}}]}]
</failure>
    <system-err><![CDATA[Nov 18, 2023 3:56:06 PM org.openqa.selenium.os.OsProcess destroy
SEVERE: Unable to kill process Process[pid=16348, exitValue=1]
]]></system-err>
  </testcase>
  <testcase name="init" classname="org.nat.dog.tests.kennelsPage.KennelsPageTests" time="0">
    <skipped/>
  </testcase>
  <testcase name="init" classname="org.nat.dog.tests.kennelsPage.KennelsPageTests" time="0">
    <skipped/>
  </testcase>
  <testcase name="startLogger" classname="org.nat.dog.tests.kennelsPage.KennelsPageTests" time="0">
    <skipped/>
  </testcase>
  <testcase name="startLogger" classname="org.nat.dog.tests.kennelsPage.KennelsPageTests" time="0">
    <skipped/>
  </testcase>
  <testcase name="startLogger" classname="org.nat.dog.tests.kennelsPage.KennelsPageTests" time="0">
    <skipped/>
  </testcase>
  <testcase name="precondition" classname="org.nat.dog.tests.kennelsPage.KennelsPageTests" time="0">
    <skipped/>
  </testcase>
  <testcase name="precondition" classname="org.nat.dog.tests.kennelsPage.KennelsPageTests" time="0">
    <skipped/>
  </testcase>
  <testcase name="precondition" classname="org.nat.dog.tests.kennelsPage.KennelsPageTests" time="0">
    <skipped/>
  </testcase>
  <testcase name="KennelsPageTests" classname="org.nat.dog.tests.kennelsPage.KennelsPageTests" time="0">
    <skipped message="Could not start a new session. Response code 500. Message: unknown error: failed to write prefs file &#10;Host info: host: &apos;DESKTOP-OS617JJ&apos;, ip: &apos;172.18.176.1&apos;&#10;Build info: version: &apos;4.12.1&apos;, revision: &apos;8e34639b11&apos;&#10;System info: os.name: &apos;Windows 10&apos;, os.arch: &apos;amd64&apos;, os.version: &apos;10.0&apos;, java.version: &apos;11.0.16&apos;&#10;Driver info: org.openqa.selenium.chrome.ChromeDriver&#10;Command: [null, newSession {capabilities=[Capabilities {browserName: chrome, goog:chromeOptions: {args: [--remote-allow-origins=*], binary: C:\Program Files\Google\Chr..., extensions: []}}]}]"/>
  </testcase>
  <testcase name="fillKennelsForm" classname="org.nat.dog.tests.kennelsPage.KennelsPageTests" time="0">
    <skipped message="Could not start a new session. Response code 500. Message: unknown error: failed to write prefs file &#10;Host info: host: &apos;DESKTOP-OS617JJ&apos;, ip: &apos;172.18.176.1&apos;&#10;Build info: version: &apos;4.12.1&apos;, revision: &apos;8e34639b11&apos;&#10;System info: os.name: &apos;Windows 10&apos;, os.arch: &apos;amd64&apos;, os.version: &apos;10.0&apos;, java.version: &apos;11.0.16&apos;&#10;Driver info: org.openqa.selenium.chrome.ChromeDriver&#10;Command: [null, newSession {capabilities=[Capabilities {browserName: chrome, goog:chromeOptions: {args: [--remote-allow-origins=*], binary: C:\Program Files\Google\Chr..., extensions: []}}]}]"/>
  </testcase>
  <testcase name="showKennelsList" classname="org.nat.dog.tests.kennelsPage.KennelsPageTests" time="0">
    <skipped message="Could not start a new session. Response code 500. Message: unknown error: failed to write prefs file &#10;Host info: host: &apos;DESKTOP-OS617JJ&apos;, ip: &apos;172.18.176.1&apos;&#10;Build info: version: &apos;4.12.1&apos;, revision: &apos;8e34639b11&apos;&#10;System info: os.name: &apos;Windows 10&apos;, os.arch: &apos;amd64&apos;, os.version: &apos;10.0&apos;, java.version: &apos;11.0.16&apos;&#10;Driver info: org.openqa.selenium.chrome.ChromeDriver&#10;Command: [null, newSession {capabilities=[Capabilities {browserName: chrome, goog:chromeOptions: {args: [--remote-allow-origins=*], binary: C:\Program Files\Google\Chr..., extensions: []}}]}]"/>
  </testcase>
</testsuite>