-------------------------------------------------------------------------------
Test set: TestSuite
-------------------------------------------------------------------------------
Tests run: 45, Failures: 4, Errors: 0, Skipped: 41, Time elapsed: 3.593 s <<< FAILURE! - in TestSuite
org.nat.dog.tests.aboutPage.AboutPageTests.init  Time elapsed: 2.861 s  <<< FAILURE!
java.lang.AbstractMethodError: Receiver class org.openqa.selenium.firefox.GeckoDriverService$Builder does not define or inherit an implementation of the resolved method abstract loadSystemProperties()V of abstract class org.openqa.selenium.remote.service.DriverService$Builder.

org.nat.dog.tests.clinicsPage.ClinicsPageTests.init  Time elapsed: 0.018 s  <<< FAILURE!
java.lang.AbstractMethodError: Receiver class org.openqa.selenium.firefox.GeckoDriverService$Builder does not define or inherit an implementation of the resolved method abstract loadSystemProperties()V of abstract class org.openqa.selenium.remote.service.DriverService$Builder.

org.nat.dog.tests.contactPage.ContactPageTests.init  Time elapsed: 0.006 s  <<< FAILURE!
java.lang.AbstractMethodError: Receiver class org.openqa.selenium.firefox.GeckoDriverService$Builder does not define or inherit an implementation of the resolved method abstract loadSystemProperties()V of abstract class org.openqa.selenium.remote.service.DriverService$Builder.

org.nat.dog.tests.kennelsPage.KennelsPageTests.init  Time elapsed: 0.012 s  <<< FAILURE!
java.lang.AbstractMethodError: Receiver class org.openqa.selenium.firefox.GeckoDriverService$Builder does not define or inherit an implementation of the resolved method abstract loadSystemProperties()V of abstract class org.openqa.selenium.remote.service.DriverService$Builder.

